<?xml version="1.0" encoding="UTF-8"?>
<testng-results ignored="0" total="1" passed="1" failed="0" skipped="0">
  <reporter-output>
  </reporter-output>
  <suite started-at="2019-09-09T05:07:35Z" name="Default suite" finished-at="2019-09-09T05:07:47Z" duration-ms="11579">
    <groups>
    </groups>
    <test started-at="2019-09-09T05:07:35Z" name="Default test" finished-at="2019-09-09T05:07:47Z" duration-ms="11579">
      <class name="com.training.sanity.tests.SendmailTest">
        <test-method is-config="true" signature="setUpBeforeClass()[pri:0, instance:com.training.sanity.tests.SendmailTest@4f638935]" started-at="2019-09-09T05:07:35Z" name="setUpBeforeClass" finished-at="2019-09-09T05:07:35Z" duration-ms="16" status="PASS">
          <reporter-output>
          </reporter-output>
        </test-method> <!-- setUpBeforeClass -->
        <test-method is-config="true" signature="setUp()[pri:0, instance:com.training.sanity.tests.SendmailTest@4f638935]" started-at="2019-09-09T05:07:35Z" name="setUp" finished-at="2019-09-09T05:07:42Z" duration-ms="6625" status="PASS">
          <reporter-output>
          </reporter-output>
        </test-method> <!-- setUp -->
        <test-method signature="Sendmail()[pri:0, instance:com.training.sanity.tests.SendmailTest@4f638935]" started-at="2019-09-09T05:07:42Z" name="Sendmail" finished-at="2019-09-09T05:07:46Z" duration-ms="3906" status="PASS">
          <reporter-output>
          </reporter-output>
        </test-method> <!-- Sendmail -->
        <test-method is-config="true" signature="tearDown()[pri:0, instance:com.training.sanity.tests.SendmailTest@4f638935]" started-at="2019-09-09T05:07:46Z" name="tearDown" finished-at="2019-09-09T05:07:47Z" duration-ms="1002" status="PASS">
          <reporter-output>
          </reporter-output>
        </test-method> <!-- tearDown -->
      </class> <!-- com.training.sanity.tests.SendmailTest -->
    </test> <!-- Default test -->
  </suite> <!-- Default suite -->
</testng-results>
